<?xml version="1.0" encoding="UTF-8"?>
<!-- Generated by org.testng.reporters.JUnitReportReporter -->
<testsuite hostname="sukeerthsahana" failures="0" tests="18" name="dsAlgoRunner.RunnerTest" time="312.775" errors="0" timestamp="2025-01-24T19:55:51 CST" skipped="0">
  <testcase classname="dsAlgoRunner.RunnerTest" name="runScenario" time="18.179"/>
  <testcase classname="dsAlgoRunner.RunnerTest" name="runScenario" time="17.256"/>
  <testcase classname="dsAlgoRunner.RunnerTest" name="runScenario" time="16.468"/>
  <testcase classname="dsAlgoRunner.RunnerTest" name="runScenario" time="16.960"/>
  <testcase classname="dsAlgoRunner.RunnerTest" name="runScenario" time="18.456"/>
  <testcase classname="dsAlgoRunner.RunnerTest" name="runScenario" time="16.898"/>
  <testcase classname="dsAlgoRunner.RunnerTest" name="runScenario" time="18.606"/>
  <testcase classname="dsAlgoRunner.RunnerTest" name="runScenario" time="21.335"/>
  <testcase classname="dsAlgoRunner.RunnerTest" name="runScenario" time="17.000"/>
  <testcase classname="dsAlgoRunner.RunnerTest" name="runScenario" time="17.503"/>
  <testcase classname="dsAlgoRunner.RunnerTest" name="runScenario" time="17.518"/>
  <testcase classname="dsAlgoRunner.RunnerTest" name="runScenario" time="16.715"/>
  <testcase classname="dsAlgoRunner.RunnerTest" name="runScenario" time="15.535"/>
  <testcase classname="dsAlgoRunner.RunnerTest" name="runScenario" time="17.245"/>
  <testcase classname="dsAlgoRunner.RunnerTest" name="runScenario" time="16.305"/>
  <testcase classname="dsAlgoRunner.RunnerTest" name="runScenario" time="18.089"/>
  <testcase classname="dsAlgoRunner.RunnerTest" name="runScenario" time="17.002"/>
  <testcase classname="dsAlgoRunner.RunnerTest" name="runScenario" time="15.705"/>
</testsuite> <!-- dsAlgoRunner.RunnerTest -->
