<?xml version="1.0" encoding="UTF-8"?>
<!-- Generated by org.testng.reporters.JUnitReportReporter -->
<testsuite hostname="sukeerthsahana" failures="3" tests="20" name="dsAlgoRunner.RunnerTest" time="600.700" errors="0" timestamp="2025-01-24T11:14:07 CST" skipped="0">
  <testcase classname="dsAlgoRunner.RunnerTest" name="runScenario" time="29.048"/>
  <testcase classname="dsAlgoRunner.RunnerTest" name="runScenario" time="44.057">
    <failure message="null" type="java.lang.AssertionError">
      <![CDATA[java.lang.AssertionError: null
at org.testng.Assert.fail(Assert.java:111)
at org.testng.Assert.fail(Assert.java:116)
at dsAlgoStepdefinition.GraphSteps.the_user_should_see_an_error_message(GraphSteps.java:192)
at ✽.the user should see an error message(file:///C:/SahanaNUMPYNINJASDET/gitsss/DsAlgoQuesters/src/test/resources/dsAlgoFeatures/Graph.feature:68)
]]>
    </failure>
  </testcase> <!-- runScenario -->
  <testcase classname="dsAlgoRunner.RunnerTest" name="runScenario" time="31.110"/>
  <testcase classname="dsAlgoRunner.RunnerTest" name="runScenario" time="19.693"/>
  <testcase classname="dsAlgoRunner.RunnerTest" name="runScenario" time="31.917"/>
  <testcase classname="dsAlgoRunner.RunnerTest" name="runScenario" time="27.981"/>
  <testcase classname="dsAlgoRunner.RunnerTest" name="runScenario" time="29.916"/>
  <testcase classname="dsAlgoRunner.RunnerTest" name="runScenario" time="30.333"/>
  <testcase classname="dsAlgoRunner.RunnerTest" name="runScenario" time="28.401"/>
  <testcase classname="dsAlgoRunner.RunnerTest" name="runScenario" time="16.146"/>
  <testcase classname="dsAlgoRunner.RunnerTest" name="runScenario" time="30.841">
    <failure message="null" type="java.lang.AssertionError">
      <![CDATA[java.lang.AssertionError: null
at org.testng.Assert.fail(Assert.java:111)
at org.testng.Assert.fail(Assert.java:116)
at dsAlgoStepdefinition.GraphSteps.the_user_should_see_an_error_message(GraphSteps.java:192)
at ✽.the user should see an error message(file:///C:/SahanaNUMPYNINJASDET/gitsss/DsAlgoQuesters/src/test/resources/dsAlgoFeatures/Graph.feature:85)
]]>
    </failure>
  </testcase> <!-- runScenario -->
  <testcase classname="dsAlgoRunner.RunnerTest" name="runScenario" time="29.307"/>
  <testcase classname="dsAlgoRunner.RunnerTest" name="runScenario" time="40.473"/>
  <testcase classname="dsAlgoRunner.RunnerTest" name="runScenario" time="30.205"/>
  <testcase classname="dsAlgoRunner.RunnerTest" name="runScenario" time="29.479">
    <failure message="null" type="java.lang.AssertionError">
      <![CDATA[java.lang.AssertionError: null
at org.testng.Assert.fail(Assert.java:111)
at org.testng.Assert.fail(Assert.java:116)
at dsAlgoStepdefinition.GraphSteps.the_user_should_see_list_of_Practice_Questions_in_Practice_Questions_Page(GraphSteps.java:136)
at ✽.the user should see list of Practice Questions in Practice Questions Page(file:///C:/SahanaNUMPYNINJASDET/gitsss/DsAlgoQuesters/src/test/resources/dsAlgoFeatures/Graph.feature:52)
]]>
    </failure>
  </testcase> <!-- runScenario -->
  <testcase classname="dsAlgoRunner.RunnerTest" name="runScenario" time="28.939"/>
  <testcase classname="dsAlgoRunner.RunnerTest" name="runScenario" time="29.156"/>
  <testcase classname="dsAlgoRunner.RunnerTest" name="runScenario" time="33.752"/>
  <testcase classname="dsAlgoRunner.RunnerTest" name="runScenario" time="29.148"/>
  <testcase classname="dsAlgoRunner.RunnerTest" name="runScenario" time="30.798"/>
</testsuite> <!-- dsAlgoRunner.RunnerTest -->
