<?xml version="1.0" encoding="UTF-8"?>
<!-- Generated by org.testng.reporters.JUnitReportReporter -->
<testsuite hostname="Vaibhav" failures="0" tests="10" name="dsAlgoRunner.RunnerTest" time="42.729" errors="0" timestamp="2025-01-23T20:55:20 IST" skipped="0">
  <testcase classname="dsAlgoRunner.RunnerTest" name="runScenario" time="6.197"/>
  <testcase classname="dsAlgoRunner.RunnerTest" name="runScenario" time="6.108"/>
  <testcase classname="dsAlgoRunner.RunnerTest" name="runScenario" time="4.205"/>
  <testcase classname="dsAlgoRunner.RunnerTest" name="runScenario" time="3.580"/>
  <testcase classname="dsAlgoRunner.RunnerTest" name="runScenario" time="3.491"/>
  <testcase classname="dsAlgoRunner.RunnerTest" name="runScenario" time="3.425"/>
  <testcase classname="dsAlgoRunner.RunnerTest" name="runScenario" time="3.546"/>
  <testcase classname="dsAlgoRunner.RunnerTest" name="runScenario" time="3.615"/>
  <testcase classname="dsAlgoRunner.RunnerTest" name="runScenario" time="5.078"/>
  <testcase classname="dsAlgoRunner.RunnerTest" name="runScenario" time="3.484"/>
</testsuite> <!-- dsAlgoRunner.RunnerTest -->
