<?xml version="1.0" encoding="UTF-8"?>
<!-- Generated by org.testng.reporters.JUnitReportReporter -->
<testsuite hostname="Vaibhav" failures="0" tests="1" name="dsAlgoUtils.ExcelDataReader" time="0.000" errors="0" timestamp="2025-01-14T10:07:27 IST" skipped="1">
  <testcase classname="dsAlgoUtils.ExcelDataReader" name="LoginTest" time="0.000">
    <skipped/>
  </testcase> <!-- LoginTest -->
  <system-out/>
</testsuite> <!-- dsAlgoUtils.ExcelDataReader -->
