<?xml version="1.0" encoding="UTF-8"?>
<!-- Generated by org.testng.reporters.JUnitReportReporter -->
<testsuite hostname="sukeerthsahana" failures="0" tests="9" name="dsAlgoRunner.RunnerTest" time="35.413" errors="0" timestamp="2025-01-23T13:10:00 CST" skipped="0">
  <testcase classname="dsAlgoRunner.RunnerTest" name="runScenario" time="3.283"/>
  <testcase classname="dsAlgoRunner.RunnerTest" name="runScenario" time="3.152"/>
  <testcase classname="dsAlgoRunner.RunnerTest" name="runScenario" time="3.319"/>
  <testcase classname="dsAlgoRunner.RunnerTest" name="runScenario" time="4.543"/>
  <testcase classname="dsAlgoRunner.RunnerTest" name="runScenario" time="3.705"/>
  <testcase classname="dsAlgoRunner.RunnerTest" name="runScenario" time="3.259"/>
  <testcase classname="dsAlgoRunner.RunnerTest" name="runScenario" time="4.338"/>
  <testcase classname="dsAlgoRunner.RunnerTest" name="runScenario" time="3.590"/>
  <testcase classname="dsAlgoRunner.RunnerTest" name="runScenario" time="6.224"/>
</testsuite> <!-- dsAlgoRunner.RunnerTest -->
