<?xml version="1.0" encoding="UTF-8"?>
<!-- Generated by org.testng.reporters.JUnitReportReporter -->
<testsuite hostname="sukeerthsahana" failures="0" tests="3" name="dsAlgoRunner.RunnerTest" time="13.498" errors="0" timestamp="2025-01-18T11:41:51 CST" skipped="0">
  <testcase classname="dsAlgoRunner.RunnerTest" name="runScenario" time="4.744"/>
  <testcase classname="dsAlgoRunner.RunnerTest" name="runScenario" time="4.853"/>
  <testcase classname="dsAlgoRunner.RunnerTest" name="runScenario" time="3.901"/>
</testsuite> <!-- dsAlgoRunner.RunnerTest -->
