<?xml version="1.0" encoding="UTF-8"?>
<!-- Generated by org.testng.reporters.JUnitReportReporter -->
<<<<<<< HEAD
<testsuite hostname="Vaibhav" failures="0" tests="10" name="dsAlgoRunner.RunnerTest" time="42.729" errors="0" timestamp="2025-01-23T20:55:20 IST" skipped="0">
  <testcase classname="dsAlgoRunner.RunnerTest" name="runScenario" time="6.197"/>
  <testcase classname="dsAlgoRunner.RunnerTest" name="runScenario" time="6.108"/>
  <testcase classname="dsAlgoRunner.RunnerTest" name="runScenario" time="4.205"/>
  <testcase classname="dsAlgoRunner.RunnerTest" name="runScenario" time="3.580"/>
  <testcase classname="dsAlgoRunner.RunnerTest" name="runScenario" time="3.491"/>
  <testcase classname="dsAlgoRunner.RunnerTest" name="runScenario" time="3.425"/>
  <testcase classname="dsAlgoRunner.RunnerTest" name="runScenario" time="3.546"/>
  <testcase classname="dsAlgoRunner.RunnerTest" name="runScenario" time="3.615"/>
  <testcase classname="dsAlgoRunner.RunnerTest" name="runScenario" time="5.078"/>
  <testcase classname="dsAlgoRunner.RunnerTest" name="runScenario" time="3.484"/>
=======
<testsuite hostname="Jaya" failures="1" tests="26" name="dsAlgoRunner.RunnerTest" time="90.116" errors="4" timestamp="2025-01-23T10:25:08 EST" skipped="0">
  <testcase classname="dsAlgoRunner.RunnerTest" name="runScenario" time="4.151"/>
  <testcase classname="dsAlgoRunner.RunnerTest" name="runScenario" time="2.986">
    <error message="Cannot invoke &quot;org.apache.poi.xssf.usermodel.XSSFSheet.getRow(int)&quot; because &quot;sheet&quot; is null" type="java.lang.NullPointerException">
      <![CDATA[java.lang.NullPointerException: Cannot invoke "org.apache.poi.xssf.usermodel.XSSFSheet.getRow(int)" because "sheet" is null
at dsAlgoUtils.ExcelDataReader.DataFromExcel(ExcelDataReader.java:26)
at dsAlgoPages.QueuePage.PracticeQuestionTopics(QueuePage.java:122)
at dsAlgoStepdefinition.QueueSteps.The_user_navigates_to_Queue_Options_of_queue_page(QueueSteps.java:241)
at ✽.The user navigates to Queue Options "<Sheetname>" and 1 of queue page(file:///C:/Users/JayaKukreti/eclipse-workspace/MainDSAlgo/DsAlgoQuesters/src/test/resources/dsAlgoFeatures/Queue.feature:114)
]]>
    </error>
  </testcase> <!-- runScenario -->
  <testcase classname="dsAlgoRunner.RunnerTest" name="runScenario" time="3.460"/>
  <testcase classname="dsAlgoRunner.RunnerTest" name="runScenario" time="3.255"/>
  <testcase classname="dsAlgoRunner.RunnerTest" name="runScenario" time="3.503"/>
  <testcase classname="dsAlgoRunner.RunnerTest" name="runScenario" time="3.903"/>
  <testcase classname="dsAlgoRunner.RunnerTest" name="runScenario" time="3.003">
    <error message="Cannot invoke &quot;org.apache.poi.xssf.usermodel.XSSFSheet.getRow(int)&quot; because &quot;sheet&quot; is null" type="java.lang.NullPointerException">
      <![CDATA[java.lang.NullPointerException: Cannot invoke "org.apache.poi.xssf.usermodel.XSSFSheet.getRow(int)" because "sheet" is null
at dsAlgoUtils.ExcelDataReader.DataFromExcel(ExcelDataReader.java:26)
at dsAlgoPages.QueuePage.PracticeQuestionTopics(QueuePage.java:122)
at dsAlgoStepdefinition.QueueSteps.The_user_navigates_to_Queue_Options_of_queue_page(QueueSteps.java:241)
at ✽.The user navigates to Queue Options "<Sheetname>" and 2 of queue page(file:///C:/Users/JayaKukreti/eclipse-workspace/MainDSAlgo/DsAlgoQuesters/src/test/resources/dsAlgoFeatures/Queue.feature:114)
]]>
    </error>
  </testcase> <!-- runScenario -->
  <testcase classname="dsAlgoRunner.RunnerTest" name="runScenario" time="4.331"/>
  <testcase classname="dsAlgoRunner.RunnerTest" name="runScenario" time="2.953"/>
  <testcase classname="dsAlgoRunner.RunnerTest" name="runScenario" time="2.979"/>
  <testcase classname="dsAlgoRunner.RunnerTest" name="runScenario" time="3.123">
    <error message="Cannot invoke &quot;org.apache.poi.xssf.usermodel.XSSFSheet.getRow(int)&quot; because &quot;sheet&quot; is null" type="java.lang.NullPointerException">
      <![CDATA[java.lang.NullPointerException: Cannot invoke "org.apache.poi.xssf.usermodel.XSSFSheet.getRow(int)" because "sheet" is null
at dsAlgoUtils.ExcelDataReader.DataFromExcel(ExcelDataReader.java:26)
at dsAlgoPages.QueuePage.PracticeQuestionTopics(QueuePage.java:122)
at dsAlgoStepdefinition.QueueSteps.The_user_navigates_to_Queue_Options_of_queue_page(QueueSteps.java:241)
at ✽.The user navigates to Queue Options "<Sheetname>" and 4 of queue page(file:///C:/Users/JayaKukreti/eclipse-workspace/MainDSAlgo/DsAlgoQuesters/src/test/resources/dsAlgoFeatures/Queue.feature:114)
]]>
    </error>
  </testcase> <!-- runScenario -->
  <testcase classname="dsAlgoRunner.RunnerTest" name="runScenario" time="3.909"/>
  <testcase classname="dsAlgoRunner.RunnerTest" name="runScenario" time="4.101"/>
  <testcase classname="dsAlgoRunner.RunnerTest" name="runScenario" time="3.744"/>
  <testcase classname="dsAlgoRunner.RunnerTest" name="runScenario" time="3.157"/>
  <testcase classname="dsAlgoRunner.RunnerTest" name="runScenario" time="3.487"/>
  <testcase classname="dsAlgoRunner.RunnerTest" name="runScenario" time="3.265"/>
  <testcase classname="dsAlgoRunner.RunnerTest" name="runScenario" time="3.055"/>
  <testcase classname="dsAlgoRunner.RunnerTest" name="runScenario" time="2.921">
    <error message="Cannot invoke &quot;org.apache.poi.xssf.usermodel.XSSFSheet.getRow(int)&quot; because &quot;sheet&quot; is null" type="java.lang.NullPointerException">
      <![CDATA[java.lang.NullPointerException: Cannot invoke "org.apache.poi.xssf.usermodel.XSSFSheet.getRow(int)" because "sheet" is null
at dsAlgoUtils.ExcelDataReader.DataFromExcel(ExcelDataReader.java:26)
at dsAlgoPages.QueuePage.PracticeQuestionTopics(QueuePage.java:122)
at dsAlgoStepdefinition.QueueSteps.The_user_navigates_to_Queue_Options_of_queue_page(QueueSteps.java:241)
at ✽.The user navigates to Queue Options "<Sheetname>" and 3 of queue page(file:///C:/Users/JayaKukreti/eclipse-workspace/MainDSAlgo/DsAlgoQuesters/src/test/resources/dsAlgoFeatures/Queue.feature:114)
]]>
    </error>
  </testcase> <!-- runScenario -->
  <testcase classname="dsAlgoRunner.RunnerTest" name="runScenario" time="4.513"/>
  <testcase classname="dsAlgoRunner.RunnerTest" name="runScenario" time="3.465">
    <failure message="null" type="java.lang.AssertionError">
      <![CDATA[java.lang.AssertionError: null
at org.testng.Assert.fail(Assert.java:111)
at org.testng.Assert.fail(Assert.java:116)
at dsAlgoStepdefinition.GraphSteps.the_user_should_see_an_error_message(GraphSteps.java:174)
at ✽.the user should see an error message(file:///C:/Users/JayaKukreti/eclipse-workspace/MainDSAlgo/DsAlgoQuesters/src/test/resources/dsAlgoFeatures/Queue.feature:98)
]]>
    </failure>
  </testcase> <!-- runScenario -->
  <testcase classname="dsAlgoRunner.RunnerTest" name="runScenario" time="3.220"/>
  <testcase classname="dsAlgoRunner.RunnerTest" name="runScenario" time="2.859"/>
  <testcase classname="dsAlgoRunner.RunnerTest" name="runScenario" time="3.609"/>
  <testcase classname="dsAlgoRunner.RunnerTest" name="runScenario" time="3.245"/>
  <testcase classname="dsAlgoRunner.RunnerTest" name="runScenario" time="3.919"/>
>>>>>>> main
</testsuite> <!-- dsAlgoRunner.RunnerTest -->
