<?xml version="1.0" encoding="UTF-8"?>
<!-- Generated by org.testng.reporters.JUnitReportReporter -->
<testsuite hostname="sukeerthsahana" failures="2" tests="8" name="dsAlgoRunner.RunnerTest" time="191.060" errors="0" timestamp="2025-01-27T16:05:57 CST" skipped="0">
  <testcase classname="dsAlgoRunner.RunnerTest" name="runScenario" time="21.903"/>
  <testcase classname="dsAlgoRunner.RunnerTest" name="runScenario" time="22.237"/>
  <testcase classname="dsAlgoRunner.RunnerTest" name="runScenario" time="26.222"/>
  <testcase classname="dsAlgoRunner.RunnerTest" name="runScenario" time="23.916">
    <failure message="null" type="java.lang.AssertionError">
      <![CDATA[java.lang.AssertionError: null
at org.testng.Assert.fail(Assert.java:111)
at org.testng.Assert.fail(Assert.java:116)
at dsAlgoStepdefinition.DataStructureIntroductionSteps.the_user_should_see_list_of_Practice_Questions_in_Practice_Questions_Page_of_TimeComplexity_module(DataStructureIntroductionSteps.java:152)
at ✽.the user should see list of Practice Questions in Practice Questions Page of TimeComplexity module(file:///C:/SahanaNUMPYNINJASDET/gitsss/DsAlgoQuesters/src/test/resources/dsAlgoFeatures/DataStructure.feature:50)
]]>
    </failure>
  </testcase> <!-- runScenario -->
  <testcase classname="dsAlgoRunner.RunnerTest" name="runScenario" time="24.252">
    <failure message="null" type="java.lang.AssertionError">
      <![CDATA[java.lang.AssertionError: null
at org.testng.Assert.fail(Assert.java:111)
at org.testng.Assert.fail(Assert.java:116)
at dsAlgoStepdefinition.DataStructureIntroductionSteps.the_user_should_able_to_see_an_error_message_in_alert_window_of_time_complexity_module(DataStructureIntroductionSteps.java:123)
at ✽.The user should able to see an error message in alert window of TimeComplexity module(file:///C:/SahanaNUMPYNINJASDET/gitsss/DsAlgoQuesters/src/test/resources/dsAlgoFeatures/DataStructure.feature:38)
]]>
    </failure>
  </testcase> <!-- runScenario -->
  <testcase classname="dsAlgoRunner.RunnerTest" name="runScenario" time="24.108"/>
  <testcase classname="dsAlgoRunner.RunnerTest" name="runScenario" time="26.195"/>
  <testcase classname="dsAlgoRunner.RunnerTest" name="runScenario" time="22.227"/>
</testsuite> <!-- dsAlgoRunner.RunnerTest -->
