<?xml version="1.0" encoding="UTF-8"?>
<!-- Generated by org.testng.reporters.JUnitReportReporter -->
<testsuite hostname="sukeerthsahana" failures="0" tests="1" name="dsAlgoRunner.RunnerTest" time="7.261" errors="0" timestamp="2025-01-20T23:47:34 CST" skipped="0">
  <testcase classname="dsAlgoRunner.RunnerTest" name="runScenario" time="7.261"/>
</testsuite> <!-- dsAlgoRunner.RunnerTest -->
