<?xml version="1.0" encoding="UTF-8"?>
<!-- Generated by org.testng.reporters.JUnitReportReporter -->
<testsuite hostname="sukeerthsahana" failures="0" tests="66" name="dsAlgoRunner.RunnerTest" time="1782.616" errors="0" timestamp="2025-01-24T18:41:52 CST" skipped="0">
  <testcase classname="dsAlgoRunner.RunnerTest" name="runScenario" time="56.035"/>
  <testcase classname="dsAlgoRunner.RunnerTest" name="runScenario" time="15.338"/>
  <testcase classname="dsAlgoRunner.RunnerTest" name="runScenario" time="25.410"/>
  <testcase classname="dsAlgoRunner.RunnerTest" name="runScenario" time="24.572"/>
  <testcase classname="dsAlgoRunner.RunnerTest" name="runScenario" time="22.690"/>
  <testcase classname="dsAlgoRunner.RunnerTest" name="runScenario" time="25.496"/>
  <testcase classname="dsAlgoRunner.RunnerTest" name="runScenario" time="20.134"/>
  <testcase classname="dsAlgoRunner.RunnerTest" name="runScenario" time="37.807"/>
  <testcase classname="dsAlgoRunner.RunnerTest" name="runScenario" time="26.979"/>
  <testcase classname="dsAlgoRunner.RunnerTest" name="runScenario" time="27.714"/>
  <testcase classname="dsAlgoRunner.RunnerTest" name="runScenario" time="26.723"/>
  <testcase classname="dsAlgoRunner.RunnerTest" name="runScenario" time="15.955"/>
  <testcase classname="dsAlgoRunner.RunnerTest" name="runScenario" time="15.671"/>
  <testcase classname="dsAlgoRunner.RunnerTest" name="runScenario" time="26.887"/>
  <testcase classname="dsAlgoRunner.RunnerTest" name="runScenario" time="46.324"/>
  <testcase classname="dsAlgoRunner.RunnerTest" name="runScenario" time="39.747"/>
  <testcase classname="dsAlgoRunner.RunnerTest" name="runScenario" time="40.534"/>
  <testcase classname="dsAlgoRunner.RunnerTest" name="runScenario" time="28.671"/>
  <testcase classname="dsAlgoRunner.RunnerTest" name="runScenario" time="8.169"/>
  <testcase classname="dsAlgoRunner.RunnerTest" name="runScenario" time="16.093"/>
  <testcase classname="dsAlgoRunner.RunnerTest" name="runScenario" time="38.541"/>
  <testcase classname="dsAlgoRunner.RunnerTest" name="runScenario" time="26.605"/>
  <testcase classname="dsAlgoRunner.RunnerTest" name="runScenario" time="23.257"/>
  <testcase classname="dsAlgoRunner.RunnerTest" name="runScenario" time="32.614"/>
  <testcase classname="dsAlgoRunner.RunnerTest" name="runScenario" time="17.636"/>
  <testcase classname="dsAlgoRunner.RunnerTest" name="runScenario" time="51.108"/>
  <testcase classname="dsAlgoRunner.RunnerTest" name="runScenario" time="18.010"/>
  <testcase classname="dsAlgoRunner.RunnerTest" name="runScenario" time="16.286"/>
  <testcase classname="dsAlgoRunner.RunnerTest" name="runScenario" time="30.833"/>
  <testcase classname="dsAlgoRunner.RunnerTest" name="runScenario" time="19.121"/>
  <testcase classname="dsAlgoRunner.RunnerTest" name="runScenario" time="27.410"/>
  <testcase classname="dsAlgoRunner.RunnerTest" name="runScenario" time="25.534"/>
  <testcase classname="dsAlgoRunner.RunnerTest" name="runScenario" time="20.690"/>
  <testcase classname="dsAlgoRunner.RunnerTest" name="runScenario" time="37.810"/>
  <testcase classname="dsAlgoRunner.RunnerTest" name="runScenario" time="24.822"/>
  <testcase classname="dsAlgoRunner.RunnerTest" name="runScenario" time="60.931"/>
  <testcase classname="dsAlgoRunner.RunnerTest" name="runScenario" time="27.588"/>
  <testcase classname="dsAlgoRunner.RunnerTest" name="runScenario" time="43.872"/>
  <testcase classname="dsAlgoRunner.RunnerTest" name="runScenario" time="39.011"/>
  <testcase classname="dsAlgoRunner.RunnerTest" name="runScenario" time="38.994"/>
  <testcase classname="dsAlgoRunner.RunnerTest" name="runScenario" time="21.385"/>
  <testcase classname="dsAlgoRunner.RunnerTest" name="runScenario" time="19.080"/>
  <testcase classname="dsAlgoRunner.RunnerTest" name="runScenario" time="26.696"/>
  <testcase classname="dsAlgoRunner.RunnerTest" name="runScenario" time="26.288"/>
  <testcase classname="dsAlgoRunner.RunnerTest" name="runScenario" time="19.312"/>
  <testcase classname="dsAlgoRunner.RunnerTest" name="runScenario" time="26.263"/>
  <testcase classname="dsAlgoRunner.RunnerTest" name="runScenario" time="21.392"/>
  <testcase classname="dsAlgoRunner.RunnerTest" name="runScenario" time="22.592"/>
  <testcase classname="dsAlgoRunner.RunnerTest" name="runScenario" time="16.284"/>
  <testcase classname="dsAlgoRunner.RunnerTest" name="runScenario" time="21.440"/>
  <testcase classname="dsAlgoRunner.RunnerTest" name="runScenario" time="22.756"/>
  <testcase classname="dsAlgoRunner.RunnerTest" name="runScenario" time="21.345"/>
  <testcase classname="dsAlgoRunner.RunnerTest" name="runScenario" time="27.051"/>
  <testcase classname="dsAlgoRunner.RunnerTest" name="runScenario" time="15.960"/>
  <testcase classname="dsAlgoRunner.RunnerTest" name="runScenario" time="15.303"/>
  <testcase classname="dsAlgoRunner.RunnerTest" name="runScenario" time="26.794"/>
  <testcase classname="dsAlgoRunner.RunnerTest" name="runScenario" time="38.007"/>
  <testcase classname="dsAlgoRunner.RunnerTest" name="runScenario" time="21.289"/>
  <testcase classname="dsAlgoRunner.RunnerTest" name="runScenario" time="28.834"/>
  <testcase classname="dsAlgoRunner.RunnerTest" name="runScenario" time="22.532"/>
  <testcase classname="dsAlgoRunner.RunnerTest" name="runScenario" time="19.156"/>
  <testcase classname="dsAlgoRunner.RunnerTest" name="runScenario" time="25.007"/>
  <testcase classname="dsAlgoRunner.RunnerTest" name="runScenario" time="27.341"/>
  <testcase classname="dsAlgoRunner.RunnerTest" name="runScenario" time="37.940"/>
  <testcase classname="dsAlgoRunner.RunnerTest" name="runScenario" time="18.979"/>
  <testcase classname="dsAlgoRunner.RunnerTest" name="runScenario" time="25.968"/>
</testsuite> <!-- dsAlgoRunner.RunnerTest -->
