<?xml version="1.0" encoding="UTF-8"?>
<!-- Generated by org.testng.reporters.JUnitReportReporter -->
<testsuite hostname="sukeerthsahana" failures="0" tests="18" name="dsAlgoRunner.RunnerTest" time="68.550" errors="0" timestamp="2025-01-24T09:21:59 CST" skipped="0">
  <testcase classname="dsAlgoRunner.RunnerTest" name="runScenario" time="3.887"/>
  <testcase classname="dsAlgoRunner.RunnerTest" name="runScenario" time="3.460"/>
  <testcase classname="dsAlgoRunner.RunnerTest" name="runScenario" time="3.925"/>
  <testcase classname="dsAlgoRunner.RunnerTest" name="runScenario" time="3.815"/>
  <testcase classname="dsAlgoRunner.RunnerTest" name="runScenario" time="3.478"/>
  <testcase classname="dsAlgoRunner.RunnerTest" name="runScenario" time="3.769"/>
  <testcase classname="dsAlgoRunner.RunnerTest" name="runScenario" time="3.793"/>
  <testcase classname="dsAlgoRunner.RunnerTest" name="runScenario" time="3.260"/>
  <testcase classname="dsAlgoRunner.RunnerTest" name="runScenario" time="4.152"/>
  <testcase classname="dsAlgoRunner.RunnerTest" name="runScenario" time="4.200"/>
  <testcase classname="dsAlgoRunner.RunnerTest" name="runScenario" time="4.062"/>
  <testcase classname="dsAlgoRunner.RunnerTest" name="runScenario" time="3.718"/>
  <testcase classname="dsAlgoRunner.RunnerTest" name="runScenario" time="3.308"/>
  <testcase classname="dsAlgoRunner.RunnerTest" name="runScenario" time="4.147"/>
  <testcase classname="dsAlgoRunner.RunnerTest" name="runScenario" time="3.980"/>
  <testcase classname="dsAlgoRunner.RunnerTest" name="runScenario" time="3.785"/>
  <testcase classname="dsAlgoRunner.RunnerTest" name="runScenario" time="3.712"/>
  <testcase classname="dsAlgoRunner.RunnerTest" name="runScenario" time="4.099"/>
</testsuite> <!-- dsAlgoRunner.RunnerTest -->
