<?xml version="1.0" encoding="UTF-8"?>
<!-- Generated by org.testng.reporters.JUnitReportReporter -->
<testsuite hostname="Vaibhav" failures="0" tests="1" name="dsAlgoRunner.RunnerTest" time="7.010" errors="0" timestamp="2025-01-21T20:47:04 IST" skipped="0">
  <testcase classname="dsAlgoRunner.RunnerTest" name="runScenario" time="7.010"/>
  <system-out/>
</testsuite> <!-- dsAlgoRunner.RunnerTest -->
